TN:
SF:src/domain/errors/NotFoundError.ts
FN:4,(anonymous_0)
FN:11,(anonymous_1)
FNF:2
FNH:2
FNDA:2,(anonymous_0)
FNDA:2,(anonymous_1)
DA:1,1
DA:5,2
DA:6,2
DA:10,1
DA:12,2
DA:13,2
LF:6
LH:6
BRDA:11,0,0,0
BRF:1
BRH:0
end_of_record
TN:
SF:src/domain/models/Exposure.ts
FN:1,(anonymous_0)
FNF:1
FNH:1
FNDA:2,(anonymous_0)
DA:1,2
DA:2,2
DA:3,2
DA:4,2
LF:4
LH:4
BRDA:1,0,0,2
BRDA:1,0,1,2
BRF:2
BRH:2
end_of_record
TN:
SF:src/domain/models/Forest.ts
FN:5,(anonymous_0)
FNF:1
FNH:1
FNDA:7,(anonymous_0)
DA:4,1
DA:6,7
DA:7,7
DA:8,7
DA:9,7
LF:5
LH:5
BRF:0
BRH:0
end_of_record
TN:
SF:src/domain/models/ForestType.ts
FN:1,(anonymous_0)
FNF:1
FNH:1
FNDA:1,(anonymous_0)
DA:1,1
DA:2,1
DA:3,1
DA:4,1
LF:4
LH:4
BRDA:1,0,0,1
BRDA:1,0,1,1
BRF:2
BRH:2
end_of_record
TN:
SF:src/domain/models/Species.ts
FN:1,(anonymous_0)
FNF:1
FNH:1
FNDA:2,(anonymous_0)
DA:1,2
DA:2,2
DA:3,2
DA:4,2
DA:5,2
DA:6,2
LF:6
LH:6
BRDA:1,0,0,2
BRDA:1,0,1,2
BRF:2
BRH:2
end_of_record
TN:
SF:src/domain/models/Tree.ts
FN:11,(anonymous_0)
FNF:1
FNH:1
FNDA:11,(anonymous_0)
DA:4,2
DA:18,11
DA:19,11
DA:20,11
DA:21,11
DA:22,11
LF:6
LH:6
BRF:0
BRH:0
end_of_record
TN:
SF:src/domain/services/ForestService.ts
FN:8,(anonymous_7)
FN:10,(anonymous_8)
FN:14,(anonymous_10)
FN:22,(anonymous_12)
FN:26,(anonymous_14)
FN:30,(anonymous_16)
FN:34,(anonymous_18)
FN:44,(anonymous_20)
FNF:8
FNH:8
FNDA:9,(anonymous_7)
FNDA:1,(anonymous_8)
FNDA:2,(anonymous_10)
FNDA:1,(anonymous_12)
FNDA:1,(anonymous_14)
FNDA:1,(anonymous_16)
FNDA:3,(anonymous_18)
FNDA:3,(anonymous_20)
DA:4,1
DA:5,1
DA:7,1
DA:8,9
DA:11,1
DA:15,2
DA:16,2
DA:17,1
DA:19,1
DA:23,1
DA:27,1
DA:31,1
DA:35,3
DA:36,3
DA:37,1
DA:40,2
DA:41,0
DA:44,3
DA:45,2
LF:19
LH:18
BRDA:16,0,0,1
BRDA:36,1,0,1
BRDA:40,2,0,0
BRF:3
BRH:2
end_of_record
TN:
SF:src/domain/services/TreeService.ts
FN:7,(anonymous_0)
FN:9,(anonymous_1)
FN:17,(anonymous_2)
FN:21,(anonymous_3)
FN:31,(anonymous_4)
FN:39,(anonymous_5)
FNF:6
FNH:6
FNDA:8,(anonymous_0)
FNDA:2,(anonymous_1)
FNDA:1,(anonymous_2)
FNDA:2,(anonymous_3)
FNDA:2,(anonymous_4)
FNDA:1,(anonymous_5)
DA:6,1
DA:7,8
DA:10,2
DA:11,2
DA:12,1
DA:14,1
DA:18,1
DA:22,2
DA:23,1
DA:28,1
DA:32,2
DA:33,2
DA:34,1
DA:36,1
DA:40,1
LF:15
LH:15
BRDA:11,0,0,1
BRDA:22,1,0,1
BRDA:33,2,0,1
BRF:3
BRH:3
end_of_record
